# vsim -assertdebug -coverage -do {coverage save -onexit apb_unaligned_chk.ucdb; log -r /*;run -all} -l apb_unaligned_chk.log -debugDB -c -voptargs=+access+cover=bcesft test_bench 
# ** Note: (vsim-3813) Design is being optimized due to module recompilation...
# 
# ** Note: (vsim-8611) Generating debug db.
# 
# ** Warning: (vopt-4308) Enabling visibility using +acc is recommended with debug flow.
# 
# ** Warning: ../tb/test_bench.v(66): (vopt-2241) Connection width does not match width of port 'tim_paddr'. The port definition is at: ../rtl/top.v(4).
# 
# ** Warning: [13] ../rtl/reg_file.v(106): (vopt-2708) Condition Coverage ignoring this statement: unsupported part select type, not a scalar
# 
# ** Warning: ../tb/test_bench.v(66): (vopt-2241) Connection width does not match width of port 'tim_paddr'. The port definition is at: ../rtl/top.v(4).
# 
# ** Warning: [13] ../rtl/reg_file.v(106): (vopt-2708) Condition Coverage ignoring this statement: unsupported part select type, not a scalar
# 
# //  Questa Sim-64
# //  Version 10.2c Unknown Platform Jul 19 2013
# //
# //  Copyright 1991-2013 Mentor Graphics Corporation
# //  All Rights Reserved.
# //
# //  THIS WORK CONTAINS TRADE SECRET AND PROPRIETARY INFORMATION
# //  WHICH IS THE PROPERTY OF MENTOR GRAPHICS CORPORATION OR ITS
# //  LICENSORS AND IS SUBJECT TO LICENSE TERMS.
# //
# Loading work.test_bench(fast)
# coverage save -onexit apb_unaligned_chk.ucdb 
#  log -r /* 
# run -all 
# =====================================
# === Test Case: APB Un-aligned Test===
# =====================================
# t=       100 [TB_WRITE]: addr=00000004 data=33333333
# t=       475 [TB_READ]: addr=00000004 rdata=33333333
# ------------------------------------------------
# t=       475 PASS: rdata = 33333333 at addr 00000004 is correct
# ------------------------------------------------
# un-aligned: offset 0x1
# t=       475 [TB_WRITE]: addr=00000005 data=44444444
# t=       875 [TB_READ]: addr=00000005 rdata=00000000
# ------------------------------------------------
# t=       875 PASS: rdata = 00000000 at addr 00000005 is correct
# ------------------------------------------------
# t=      1075 [TB_READ]: addr=00000004 rdata=33333333
# ------------------------------------------------
# t=      1075 PASS: rdata = 33333333 at addr 00000004 is correct
# ------------------------------------------------
# un-aligned: offset 0x2
# t=      1075 [TB_WRITE]: addr=00000006 data=44444444
# t=      1475 [TB_READ]: addr=00000006 rdata=00000000
# ------------------------------------------------
# t=      1475 PASS: rdata = 00000000 at addr 00000006 is correct
# ------------------------------------------------
# t=      1675 [TB_READ]: addr=00000004 rdata=33333333
# ------------------------------------------------
# t=      1675 PASS: rdata = 33333333 at addr 00000004 is correct
# ------------------------------------------------
# un-aligned: offset 0x3
# t=      1675 [TB_WRITE]: addr=00000006 data=44444444
# t=      2075 [TB_READ]: addr=00000007 rdata=00000000
# ------------------------------------------------
# t=      2075 PASS: rdata = 00000000 at addr 00000007 is correct
# ------------------------------------------------
# t=      2275 [TB_READ]: addr=00000004 rdata=33333333
# ------------------------------------------------
# t=      2275 PASS: rdata = 33333333 at addr 00000004 is correct
# ------------------------------------------------
# Test_result PASSED
# ** Note: $finish    : ../tb/test_bench.v(94)
#    Time: 2375 ns  Iteration: 0  Instance: /test_bench
